2026-02-04 13:37:46,531 - INFO - Imagens em: C:\Users\pedro.paiva\Desktop\RoboSefip-main\imagens
2026-02-04 13:37:46,532 - INFO - Etapa 0: Limpar Base
2026-02-04 13:37:48,156 - INFO - Sucesso: ferramentas.png
2026-02-04 13:37:49,790 - INFO - Sucesso: limpar.png
2026-02-04 13:37:52,793 - INFO - Etapa 1: Importar
2026-02-04 13:37:54,429 - INFO - Sucesso: arquivo.png
2026-02-04 13:38:05,058 - INFO - \u26a0 Não encontrou importar.png após 10s
2026-02-04 13:38:05,176 - INFO - Aguardando usuário: importar.png
2026-02-04 13:39:50,513 - INFO - \u2716 Cancelado pelo usuário
2026-02-04 13:40:48,772 - INFO - Imagens em: C:\Users\pedro.paiva\Desktop\RoboSefip-main\imagens
2026-02-04 13:40:48,773 - INFO - Etapa 0: Limpar Base
2026-02-04 13:40:50,405 - INFO - Sucesso: ferramentas.png
2026-02-04 13:40:52,055 - INFO - Sucesso: limpar.png
2026-02-04 13:40:55,056 - INFO - Etapa 1: Importar
2026-02-04 13:40:56,694 - INFO - Sucesso: arquivo.png
2026-02-04 13:41:07,375 - INFO - \u26a0 Não encontrou importar.png após 10s
2026-02-04 13:41:07,376 - INFO - Aguardando usuário: importar.png
2026-02-04 13:41:13,191 - INFO - \u23ed Pulando: importar.png
2026-02-04 13:41:17,623 - INFO - Imagens em: C:\Users\pedro.paiva\Desktop\RoboSefip-main\imagens
2026-02-04 13:41:17,624 - INFO - Etapa 0: Limpar Base
2026-02-04 13:41:19,286 - INFO - Sucesso: ferramentas.png
2026-02-04 13:41:20,918 - INFO - Sucesso: limpar.png
2026-02-04 13:41:23,920 - INFO - Etapa 1: Importar
2026-02-04 13:41:25,556 - INFO - Sucesso: arquivo.png
2026-02-04 13:41:36,259 - INFO - \u26a0 Não encontrou importar.png após 10s
2026-02-04 13:41:36,260 - INFO - Aguardando usuário: importar.png
2026-02-04 13:41:53,874 - INFO - \u23ed Pulando: importar.png
2026-02-04 13:41:55,535 - INFO - Imagens em: C:\Users\pedro.paiva\Desktop\RoboSefip-main\imagens
2026-02-04 13:41:55,536 - INFO - Etapa 0: Limpar Base
2026-02-04 13:41:57,212 - INFO - Sucesso: ferramentas.png
2026-02-04 13:41:58,927 - INFO - Sucesso: limpar.png
2026-02-04 13:42:01,929 - INFO - Etapa 1: Importar
2026-02-04 13:42:03,561 - INFO - Sucesso: arquivo.png
2026-02-04 13:42:14,195 - INFO - \u26a0 Não encontrou importar.png após 10s
2026-02-04 13:42:14,196 - INFO - Aguardando usuário: importar.png
2026-02-04 13:42:18,366 - INFO - \u2716 Cancelado pelo usuário
